<?xml version="1.0" encoding="UTF-8"?>
<!-- Generated by org.testng.reporters.JUnitReportReporter -->
<testsuite skipped="0" hostname="DESKTOP-30NEVDE" name="testclasses.TestNG_Asserts" tests="3" failures="0" timestamp="22 ago 2018 00:03:48 GMT" time="0.013" errors="0">
  <testcase name="testArrays" time="0.011" classname="testclasses.TestNG_Asserts"/>
  <testcase name="testStrings" time="0.001" classname="testclasses.TestNG_Asserts"/>
  <testcase name="testSum" time="0.001" classname="testclasses.TestNG_Asserts"/>
</testsuite> <!-- testclasses.TestNG_Asserts -->
