<?xml version="1.0" encoding="UTF-8"?>
<!-- Generated by org.testng.reporters.JUnitReportReporter -->
<testsuite skipped="0" hostname="DESKTOP-30NEVDE" name="testclasses.TestAnnotation" tests="3" failures="0" timestamp="21 ago 2018 17:27:05 GMT" time="0.016" errors="0">
  <testcase name="testMethod1" time="0.013" classname="testclasses.TestAnnotation"/>
  <testcase name="testMethod3" time="0.001" classname="testclasses.TestAnnotation"/>
  <testcase name="testMethod2" time="0.002" classname="testclasses.TestAnnotation"/>
</testsuite> <!-- testclasses.TestAnnotation -->
